\BOOKMARK [1][-]{section*.1}{\376\377\000L\036\334\000I\000\040\000C\036\242\000M\000\040\001\240\000N}{}% 1
\BOOKMARK [1][-]{section*.2}{\376\377\000L\036\334\000I\000\040\000M\036\336\000\040\001\020\036\246\000U}{}% 2
\BOOKMARK [1][-]{section.1}{\376\377\000T\000H\000\324\000N\000G\000\040\000T\000I\000N\000\040\000C\000H\000U\000N\000G}{}% 3
\BOOKMARK [1][-]{section.2}{\376\377\000M\036\344\000C\000\040\000T\000I\000\312\000U\000\040\000T\000H\036\360\000C\000\040\000T\036\254\000P}{}% 4
\BOOKMARK [2][-]{subsection.2.1}{\376\377\000M\036\345\000c\000\040\000t\000i\000\352\000u\000\040\000t\036\325\000n\000g\000\040\000q\000u\000\341\000t}{section.2}% 5
\BOOKMARK [2][-]{subsection.2.2}{\376\377\000M\036\345\000c\000\040\000t\000i\000\352\000u\000\040\000c\036\345\000\040\000t\000h\036\303}{section.2}% 6
\BOOKMARK [1][-]{section.3}{\376\377\000T\036\324\000N\000G\000\040\000Q\000U\000A\000N\000\040\000C\000\324\000N\000G\000\040\000V\000I\036\306\000C\000\040\001\020\001\257\036\342\000C\000\040\000G\000I\000A\000O}{}% 7
\BOOKMARK [1][-]{section.4}{\376\377\000B\000\301\000O\000\040\000C\000\301\000O\000\040\000T\000I\036\276\000N\000\040\001\020\036\330\000\040\000T\000H\000E\000O\000\040\000T\000I\000M\000E\000L\000I\000N\000E}{}% 8
\BOOKMARK [2][-]{subsection.4.1}{\376\377\000G\000i\000a\000i\000\040\001\021\000o\036\241\000n\000\040\0001\000:\000\040\000L\000\340\000m\000\040\000q\000u\000e\000n\000\040\000q\000u\000y\000\040\000t\000r\000\354\000n\000h\000\040\000l\000\340\000m\000\040\000v\000i\036\307\000c\000\040\000v\000\340\000\040\000c\000\364\000n\000g\000\040\000c\036\345\000\040\000\050\000T\036\353\000\040\0000\0009\000/\0000\0003\000/\0002\0000\0002\0006\000\040\001\021\036\277\000n\000\040\0000\0005\000/\0000\0004\000/\0002\0000\0002\0006\000\051}{section.4}% 9
\BOOKMARK [3][-]{subsubsection.4.1.1}{\376\377\000C\000\364\000n\000g\000\040\000v\000i\036\307\000c\000\040\001\021\000\343\000\040\000t\000h\036\361\000c\000\040\000h\000i\036\307\000n}{subsection.4.1}% 10
\BOOKMARK [3][-]{subsubsection.4.1.2}{\376\377\000K\036\277\000t\000\040\000q\000u\036\243\000\040\001\021\036\241\000t\000\040\001\021\001\260\036\343\000c\000\040\000v\000\340\000\040\000k\000i\036\277\000n\000\040\000t\000h\036\351\000c\000\040\000t\000\355\000c\000h\000\040\000l\001\151\000y}{subsection.4.1}% 11
\BOOKMARK [2][-]{subsection.4.2}{\376\377\000G\000i\000a\000i\000\040\001\021\000o\036\241\000n\000\040\0002\000:\000\040\000T\000r\036\361\000c\000\040\000t\000i\036\277\000p\000\040\000x\000\342\000y\000\040\000d\036\361\000n\000g\000\040\000m\000o\000d\000u\000l\000e\000\040\000d\036\361\000\040\000\341\000n\000\040\000C\000l\000e\000a\000n\000e\000r\000\040\000G\000u\000r\000u\000\040\000\050\000T\036\353\000\040\0000\0006\000/\0000\0004\000/\0002\0000\0002\0006\000\040\001\021\036\277\000n\000\040\0000\0004\000/\0000\0005\000/\0002\0000\0002\0006\000\051}{section.4}% 12
\BOOKMARK [3][-]{subsubsection.4.2.1}{\376\377\000C\000\364\000n\000g\000\040\000v\000i\036\307\000c\000\040\000c\036\345\000\040\000t\000h\036\303}{subsection.4.2}% 13
\BOOKMARK [3][-]{subsubsection.4.2.2}{\376\377\000K\036\277\000t\000\040\000q\000u\036\243\000\040\001\021\036\241\000t\000\040\001\021\001\260\036\343\000c}{subsection.4.2}% 14
\BOOKMARK [2][-]{subsection.4.3}{\376\377\000G\000i\000a\000i\000\040\001\021\000o\036\241\000n\000\040\0003\000:\000\040\000N\000g\000h\000i\000\352\000n\000\040\000c\036\351\000u\000\040\000v\000\340\000\040\000p\000h\000\341\000t\000\040\000t\000r\000i\036\303\000n\000\040\036\351\000n\000g\000\040\000d\036\345\000n\000g\000\040\000P\000D\000F\000\040\000C\000o\000n\000v\000e\000r\000t\000e\000r\000\040\000\046\000\040\000S\000c\000a\000n\000n\000e\000r\000\040\000\050\000T\036\353\000\040\0000\0005\000/\0000\0005\000/\0002\0000\0002\0006\000\040\001\021\036\277\000n\000\040\0002\0000\000/\0000\0005\000/\0002\0000\0002\0006\000\051}{section.4}% 15
\BOOKMARK [3][-]{subsubsection.4.3.1}{\376\377\000C\000\364\000n\000g\000\040\000v\000i\036\307\000c\000\040\000c\036\345\000\040\000t\000h\036\303}{subsection.4.3}% 16
\BOOKMARK [3][-]{subsubsection.4.3.2}{\376\377\000K\036\277\000t\000\040\000q\000u\036\243\000\040\001\021\036\241\000t\000\040\001\021\001\260\036\343\000c}{subsection.4.3}% 17
\BOOKMARK [2][-]{subsection.4.4}{\376\377\000G\000i\000a\000i\000\040\001\021\000o\036\241\000n\000\040\0004\000:\000\040\000H\000o\000\340\000n\000\040\000t\000h\000i\036\307\000n\000,\000\040\000K\000i\036\303\000m\000\040\000t\000h\036\355\000\040\000v\000\340\000\040\000T\036\321\000i\000\040\001\260\000u\000\040\000h\000\363\000a\000\040\000h\036\307\000\040\000t\000h\036\321\000n\000g\000\040\000\050\000T\036\353\000\040\0002\0001\000/\0000\0005\000/\0002\0000\0002\0006\000\040\001\021\036\277\000n\000\040\0000\0007\000/\0000\0006\000/\0002\0000\0002\0006\000\051}{section.4}% 18
\BOOKMARK [3][-]{subsubsection.4.4.1}{\376\377\000C\000\364\000n\000g\000\040\000v\000i\036\307\000c\000\040\000c\036\345\000\040\000t\000h\036\303}{subsection.4.4}% 19
\BOOKMARK [3][-]{subsubsection.4.4.2}{\376\377\000K\036\277\000t\000\040\000q\000u\036\243\000\040\001\021\036\241\000t\000\040\001\021\001\260\036\343\000c}{subsection.4.4}% 20
\BOOKMARK [1][-]{section.5}{\376\377\000T\036\360\000\040\001\020\000\301\000N\000H\000\040\000G\000I\000\301\000\040\000V\000\300\000\040\000B\000\300\000I\000\040\000H\036\314\000C\000\040\000K\000I\000N\000H\000\040\000N\000G\000H\000I\036\306\000M}{}% 21
\BOOKMARK [2][-]{subsection.5.1}{\376\377\001\020\000i\036\303\000m\000\040\000m\036\241\000n\000h\000\040\001\021\036\241\000t\000\040\001\021\001\260\036\343\000c\000\040\000v\000\340\000\040\000K\036\371\000\040\000n\001\003\000n\000g\000\040\000t\000\355\000c\000h\000\040\000l\001\151\000y}{section.5}% 22
\BOOKMARK [2][-]{subsection.5.2}{\376\377\000N\000h\036\357\000n\000g\000\040\000h\036\241\000n\000\040\000c\000h\036\277\000\040\000c\036\247\000n\000\040\000k\000h\036\257\000c\000\040\000p\000h\036\345\000c}{section.5}% 23
\BOOKMARK [2][-]{subsection.5.3}{\376\377\000B\000\340\000i\000\040\000h\036\315\000c\000\040\000k\000i\000n\000h\000\040\000n\000g\000h\000i\036\307\000m\000\040\000r\000\372\000t\000\040\000r\000a}{section.5}% 24
\BOOKMARK [1][-]{section.6}{\376\377\000K\036\276\000T\000\040\000L\000U\036\254\000N\000\040\000V\000\300\000\040\000K\000I\036\276\000N\000\040\000N\000G\000H\036\312}{}% 25
\BOOKMARK [2][-]{subsection.6.1}{\376\377\000K\036\277\000t\000\040\000l\000u\036\255\000n}{section.6}% 26
\BOOKMARK [2][-]{subsection.6.2}{\376\377\000K\000i\036\277\000n\000\040\000n\000g\000h\036\313\000\040\000v\000\340\000\040\000H\001\260\036\333\000n\000g\000\040\000p\000h\000\341\000t\000\040\000t\000r\000i\036\303\000n}{section.6}% 27
\BOOKMARK [1][-]{section.7}{\376\377\000H\000\314\000N\000H\000\040\036\242\000N\000H\000\040\000T\000H\036\360\000C\000\040\000T\036\276\000\040\000G\000I\000A\000O\000\040\000D\000I\036\306\000N\000\040\036\350\000N\000G\000\040\000D\036\344\000N\000G}{}% 28
\BOOKMARK [2][-]{subsection.7.1}{\376\377\000D\036\361\000\040\000\341\000n\000\040\000C\000l\000e\000a\000n\000e\000r\000\040\000G\000u\000r\000u}{section.7}% 29
\BOOKMARK [3][-]{subsubsection.7.1.1}{\376\377\000M\000\340\000n\000\040\000h\000\354\000n\000h\000\040\000O\000n\000b\000o\000a\000r\000d\000i\000n\000g}{subsection.7.1}% 30
\BOOKMARK [3][-]{subsubsection.7.1.2}{\376\377\000M\000\340\000n\000\040\000h\000\354\000n\000h\000\040\000T\000\355\000n\000h\000\040\000n\001\003\000n\000g\000\040\000C\000h\000\355\000n\000h}{subsection.7.1}% 31
\BOOKMARK [2][-]{subsection.7.2}{\376\377\000D\036\361\000\040\000\341\000n\000\040\000P\000D\000F\000\040\000C\000o\000n\000v\000e\000r\000t\000e\000r\000\040\000\046\000\040\000S\000c\000a\000n\000n\000e\000r}{section.7}% 32
\BOOKMARK [3][-]{subsubsection.7.2.1}{\376\377\000M\000\340\000n\000\040\000h\000\354\000n\000h\000\040\000C\000o\000n\000v\000e\000r\000t\000\040\000v\000\340\000\040\000l\000u\036\323\000n\000g\000\040\000n\000h\036\255\000p\000\040\000l\000i\036\307\000u\000\040\001\021\000a\000\040\000n\000g\000u\036\323\000n}{subsection.7.2}% 33
\BOOKMARK [3][-]{subsubsection.7.2.2}{\376\377\000Q\000u\000\351\000t\000\040\000t\000\340\000i\000\040\000l\000i\036\307\000u\000\040\000q\000u\000a\000\040\000C\000a\000m\000e\000r\000a\000\040\000v\000\340\000\040\000h\000i\036\307\000u\000\040\000c\000h\036\311\000n\000h\000\040\000p\000h\036\321\000i\000\040\000c\036\243\000n\000h}{subsection.7.2}% 34
\BOOKMARK [3][-]{subsubsection.7.2.3}{\376\377\000B\036\331\000\040\000c\000h\036\311\000n\000h\000\040\000s\036\355\000a\000\040\036\243\000n\000h\000,\000\040\000c\000h\036\315\000n\000\040\001\021\036\313\000n\000h\000\040\000d\036\241\000n\000g\000\040\000v\000\340\000\040\000t\036\241\000o\000\040\000P\000D\000F}{subsection.7.2}% 35
\BOOKMARK [3][-]{subsubsection.7.2.4}{\376\377\000X\000e\000m\000\040\000t\000r\001\260\036\333\000c\000\040\000P\000D\000F\000\040\000v\000\340\000\040\000l\036\361\000a\000\040\000c\000h\036\315\000n\000\040\000c\000h\036\357\000\040\000k\000\375}{subsection.7.2}% 36
\BOOKMARK [3][-]{subsubsection.7.2.5}{\376\377\000P\000h\000\342\000n\000\040\000h\036\307\000\040\000C\000h\036\357\000\040\000k\000\375\000\040\000t\000a\000y\000\040\000s\036\321\000\040\000\050\000D\000i\000g\000i\000t\000a\000l\000\040\000S\000i\000g\000n\000a\000t\000u\000r\000e\000\051}{subsection.7.2}% 37
\BOOKMARK [3][-]{subsubsection.7.2.6}{\376\377\000L\036\313\000c\000h\000\040\000s\036\355\000\040\000c\000h\000u\000y\036\303\000n\000\040\001\021\036\325\000i\000,\000\040\000c\000\340\000i\000\040\001\021\036\267\000t\000\040\000v\000\340\000\040\001\021\000a\000\040\000n\000g\000\364\000n\000\040\000n\000g\036\357}{subsection.7.2}% 38
\BOOKMARK [1][-]{section.8}{\376\377\000T\000\300\000I\000\040\000L\000I\036\306\000U\000\040\000T\000H\000A\000M\000\040\000K\000H\036\242\000O}{}% 39
